<?xml version="1.0" encoding="UTF-8"?>
<!-- Generated by org.testng.reporters.JUnitReportReporter -->
<testsuite hostname="DESKTOP-654MNJS" failures="0" tests="1" name="testCases.TC001_AccountLoginTest" time="2.029" errors="0" timestamp="2025-04-02T02:32:22 PKT" skipped="0">
  <testcase classname="testCases.TC001_AccountLoginTest" name="login_Account" time="2.029"/>
</testsuite> <!-- testCases.TC001_AccountLoginTest -->
