<?xml version="1.0" encoding="UTF-8"?>
<!-- Generated by org.testng.reporters.JUnitReportReporter -->
<testsuite hostname="DESKTOP-654MNJS" failures="0" tests="1" name="testCases.TC001_AccountRegistrationTest" time="4.275" errors="0" timestamp="2025-04-02T02:32:23 PKT" skipped="0">
  <testcase classname="testCases.TC001_AccountRegistrationTest" name="accountRegister" time="4.275"/>
</testsuite> <!-- testCases.TC001_AccountRegistrationTest -->
