<?xml version="1.0" encoding="UTF-8"?>
<!-- Generated by org.testng.reporters.JUnitReportReporter -->
<testsuite hostname="DESKTOP-654MNJS" failures="0" tests="2" name="testCases.TC001_AccountRegistrationTest" time="17.119" errors="0" timestamp="2025-04-08T10:12:18 PKT" skipped="0">
  <testcase classname="testCases.TC001_AccountRegistrationTest" name="accountRegister" time="6.748"/>
  <testcase classname="testCases.TC001_AccountRegistrationTest" name="accountRegister" time="10.371"/>
</testsuite> <!-- testCases.TC001_AccountRegistrationTest -->
