<?xml version="1.0" encoding="UTF-8"?>
<!-- Generated by org.testng.reporters.JUnitReportReporter -->
<testsuite hostname="DESKTOP-654MNJS" failures="0" tests="2" name="testCases.TC001_AccountRegistrationTest" time="11.850" errors="0" timestamp="2025-04-13T15:26:27 PKT" skipped="0">
  <testcase classname="testCases.TC001_AccountRegistrationTest" name="accountRegister" time="5.696"/>
  <testcase classname="testCases.TC001_AccountRegistrationTest" name="accountRegister" time="6.154"/>
</testsuite> <!-- testCases.TC001_AccountRegistrationTest -->
